<?xml version="1.0"?>
<testsuite name="HeadlessChrome 71.0.3578 (Windows 10.0.0)" package="" timestamp="2019-02-02T21:09:58" id="0" hostname="WS350F" tests="5" errors="0" failures="0" time="0.158">
  <properties>
    <property name="browser.fullName" value="Mozilla/5.0 (Windows NT 10.0; Win64; x64) AppleWebKit/537.36 (KHTML, like Gecko) HeadlessChrome/71.0.3578.98 Safari/537.36"/>
  </properties>
  <testcase name="ErrorDisplayComponent should create" time="0.11" classname="ErrorDisplayComponent"/>
  <testcase name="CustomErrorHandlerService should be created" time="0.016" classname="CustomErrorHandlerService"/>
  <testcase name="ErrorInformationFactoryService should be created" time="0.008" classname="ErrorInformationFactoryService"/>
  <testcase name="ErrorUnwrappingService should be created" time="0.016" classname="ErrorUnwrappingService"/>
  <testcase name="IgnoredErrorsService should be created" time="0.008" classname="IgnoredErrorsService"/>
  <system-out>
    <![CDATA[
]]>
  </system-out>
  <system-err/>
</testsuite>